# JRE version: OpenJDK Runtime Environment Temurin-18.0.1+10 (18.0.1+10) (build 18.0.1+10)
# Java VM: OpenJDK 64-Bit Server VM Temurin-18.0.1+10 (18.0.1+10, mixed mode, emulated-client, tiered, compressed oops, compressed class ptrs, g1 gc, windows-amd64)
GC Precious Log:
 CardTable entry size: 512
 Card Set container configuration: InlinePtr #cards 4 size 8 Array Of Cards #cards 32 size 80 Howl #buckets 8 coarsen threshold 7372 Howl Bitmap #cards 1024 size 144 coarsen threshold 921 Card regions per heap region 1 cards per card region 8192
 CPUs: 12 total, 12 available
 Memory: 32612M
 Large Page Support: Disabled
 NUMA Support: Disabled
 Compressed Oops: Enabled (Zero based)
 Heap Region Size: 4M
 Heap Min Capacity: 8M
 Heap Initial Capacity: 512M
 Heap Max Capacity: 8156M
 Pre-touch: Disabled
 Parallel Workers: 10
 Concurrent Workers: 3
 Concurrent Refinement Workers: 10
 Periodic GC: Disabled
Heap:
 garbage-first heap   total 110592K, used 58751K [0x0000000602400000, 0x0000000800000000)
  region size 4096K, 6 young (24576K), 1 survivors (4096K)
 Metaspace       used 88258K, committed 89088K, reserved 1179648K
  class space    used 11297K, committed 11712K, reserved 1048576K
GC Heap History (20 events):
Event: 3279.038 GC heap before
{Heap before GC invocations=87 (full 4):
 garbage-first heap   total 110592K, used 49142K [0x0000000602400000, 0x0000000800000000)
  region size 4096K, 4 young (16384K), 1 survivors (4096K)
 Metaspace       used 87295K, committed 88192K, reserved 1179648K
  class space    used 11217K, committed 11648K, reserved 1048576K
}
Event: 3279.080 GC heap after
{Heap after GC invocations=88 (full 5):
 garbage-first heap   total 110592K, used 29574K [0x0000000602400000, 0x0000000800000000)
  region size 4096K, 0 young (0K), 0 survivors (0K)
 Metaspace       used 86245K, committed 88128K, reserved 1179648K
  class space    used 11090K, committed 11648K, reserved 1048576K
}
Event: 3279.379 GC heap before
{Heap before GC invocations=88 (full 5):
 garbage-first heap   total 110592K, used 91014K [0x0000000602400000, 0x0000000800000000)
  region size 4096K, 15 young (61440K), 0 survivors (0K)
 Metaspace       used 86629K, committed 88128K, reserved 1179648K
  class space    used 11160K, committed 11648K, reserved 1048576K
}
Event: 3279.382 GC heap after
{Heap after GC invocations=89 (full 5):
 garbage-first heap   total 110592K, used 35066K [0x0000000602400000, 0x0000000800000000)
  region size 4096K, 2 young (8192K), 2 survivors (8192K)
 Metaspace       used 86629K, committed 88128K, reserved 1179648K
  class space    used 11160K, committed 11648K, reserved 1048576K
}
Event: 3279.529 GC heap before
{Heap before GC invocations=89 (full 5):
 garbage-first heap   total 110592K, used 84218K [0x0000000602400000, 0x0000000800000000)
  region size 4096K, 14 young (57344K), 2 survivors (8192K)
 Metaspace       used 87126K, committed 88128K, reserved 1179648K
  class space    used 11194K, committed 11648K, reserved 1048576K
}
Event: 3279.531 GC heap after
{Heap after GC invocations=90 (full 5):
 garbage-first heap   total 110592K, used 38204K [0x0000000602400000, 0x0000000800000000)
  region size 4096K, 1 young (4096K), 1 survivors (4096K)
 Metaspace       used 87126K, committed 88128K, reserved 1179648K
  class space    used 11194K, committed 11648K, reserved 1048576K
}
Event: 3296.176 GC heap before
{Heap before GC invocations=90 (full 5):
 garbage-first heap   total 110592K, used 83260K [0x0000000602400000, 0x0000000800000000)
  region size 4096K, 12 young (49152K), 1 survivors (4096K)
 Metaspace       used 87273K, committed 88128K, reserved 1179648K
  class space    used 11214K, committed 11648K, reserved 1048576K
}
Event: 3296.179 GC heap after
{Heap after GC invocations=91 (full 5):
 garbage-first heap   total 110592K, used 40958K [0x0000000602400000, 0x0000000800000000)
  region size 4096K, 2 young (8192K), 2 survivors (8192K)
 Metaspace       used 87273K, committed 88128K, reserved 1179648K
  class space    used 11214K, committed 11648K, reserved 1048576K
}
Event: 3346.395 GC heap before
{Heap before GC invocations=91 (full 5):
 garbage-first heap   total 110592K, used 81918K [0x0000000602400000, 0x0000000800000000)
  region size 4096K, 12 young (49152K), 2 survivors (8192K)
 Metaspace       used 87441K, committed 88256K, reserved 1179648K
  class space    used 11234K, committed 11648K, reserved 1048576K
}
Event: 3346.397 GC heap after
{Heap after GC invocations=92 (full 5):
 garbage-first heap   total 110592K, used 41866K [0x0000000602400000, 0x0000000800000000)
  region size 4096K, 2 young (8192K), 2 survivors (8192K)
 Metaspace       used 87441K, committed 88256K, reserved 1179648K
  class space    used 11234K, committed 11648K, reserved 1048576K
}
Event: 3360.669 GC heap before
{Heap before GC invocations=92 (full 5):
 garbage-first heap   total 110592K, used 50058K [0x0000000602400000, 0x0000000800000000)
  region size 4096K, 5 young (20480K), 2 survivors (8192K)
 Metaspace       used 87445K, committed 88320K, reserved 1179648K
  class space    used 11234K, committed 11648K, reserved 1048576K
}
Event: 3360.720 GC heap after
{Heap after GC invocations=93 (full 6):
 garbage-first heap   total 110592K, used 33040K [0x0000000602400000, 0x0000000800000000)
  region size 4096K, 0 young (0K), 0 survivors (0K)
 Metaspace       used 87262K, committed 88320K, reserved 1179648K
  class space    used 11192K, committed 11648K, reserved 1048576K
}
Event: 3360.982 GC heap before
{Heap before GC invocations=93 (full 6):
 garbage-first heap   total 110592K, used 82192K [0x0000000602400000, 0x0000000800000000)
  region size 4096K, 12 young (49152K), 0 survivors (0K)
 Metaspace       used 87484K, committed 88320K, reserved 1179648K
  class space    used 11227K, committed 11648K, reserved 1048576K
}
Event: 3360.984 GC heap after
{Heap after GC invocations=94 (full 6):
 garbage-first heap   total 110592K, used 37050K [0x0000000602400000, 0x0000000800000000)
  region size 4096K, 1 young (4096K), 1 survivors (4096K)
 Metaspace       used 87484K, committed 88320K, reserved 1179648K
  class space    used 11227K, committed 11648K, reserved 1048576K
}
Event: 3361.463 GC heap before
{Heap before GC invocations=94 (full 6):
 garbage-first heap   total 110592K, used 82106K [0x0000000602400000, 0x0000000800000000)
  region size 4096K, 12 young (49152K), 1 survivors (4096K)
 Metaspace       used 87834K, committed 88640K, reserved 1179648K
  class space    used 11258K, committed 11648K, reserved 1048576K
}
Event: 3361.465 GC heap after
{Heap after GC invocations=95 (full 6):
 garbage-first heap   total 110592K, used 39668K [0x0000000602400000, 0x0000000800000000)
  region size 4096K, 2 young (8192K), 2 survivors (8192K)
 Metaspace       used 87834K, committed 88640K, reserved 1179648K
  class space    used 11258K, committed 11648K, reserved 1048576K
}
Event: 3361.636 GC heap before
{Heap before GC invocations=95 (full 6):
 garbage-first heap   total 110592K, used 80628K [0x0000000602400000, 0x0000000800000000)
  region size 4096K, 12 young (49152K), 2 survivors (8192K)
 Metaspace       used 88129K, committed 88896K, reserved 1179648K
  class space    used 11276K, committed 11648K, reserved 1048576K
}
Event: 3361.638 GC heap after
{Heap after GC invocations=96 (full 6):
 garbage-first heap   total 110592K, used 42002K [0x0000000602400000, 0x0000000800000000)
  region size 4096K, 2 young (8192K), 2 survivors (8192K)
 Metaspace       used 88129K, committed 88896K, reserved 1179648K
  class space    used 11276K, committed 11648K, reserved 1048576K
}
Event: 3405.648 GC heap before
{Heap before GC invocations=96 (full 6):
 garbage-first heap   total 110592K, used 78866K [0x0000000602400000, 0x0000000800000000)
  region size 4096K, 11 young (45056K), 2 survivors (8192K)
 Metaspace       used 88240K, committed 89024K, reserved 1179648K
  class space    used 11296K, committed 11648K, reserved 1048576K
}
Event: 3405.650 GC heap after
{Heap after GC invocations=97 (full 6):
 garbage-first heap   total 110592K, used 42367K [0x0000000602400000, 0x0000000800000000)
  region size 4096K, 1 young (4096K), 1 survivors (4096K)
 Metaspace       used 88240K, committed 89024K, reserved 1179648K
  class space    used 11296K, committed 11648K, reserved 1048576K
}

