# JRE version: OpenJDK Runtime Environment Temurin-18.0.1+10 (18.0.1+10) (build 18.0.1+10)
# Java VM: OpenJDK 64-Bit Server VM Temurin-18.0.1+10 (18.0.1+10, mixed mode, emulated-client, tiered, compressed oops, compressed class ptrs, g1 gc, windows-amd64)
GC Precious Log:
 CardTable entry size: 512
 Card Set container configuration: InlinePtr #cards 4 size 8 Array Of Cards #cards 32 size 80 Howl #buckets 8 coarsen threshold 7372 Howl Bitmap #cards 1024 size 144 coarsen threshold 921 Card regions per heap region 1 cards per card region 8192
 CPUs: 12 total, 12 available
 Memory: 32612M
 Large Page Support: Disabled
 NUMA Support: Disabled
 Compressed Oops: Enabled (Zero based)
 Heap Region Size: 4M
 Heap Min Capacity: 8M
 Heap Initial Capacity: 512M
 Heap Max Capacity: 8156M
 Pre-touch: Disabled
 Parallel Workers: 10
 Concurrent Workers: 3
 Concurrent Refinement Workers: 10
 Periodic GC: Disabled
Heap:
 garbage-first heap   total 110592K, used 79644K [0x0000000602400000, 0x0000000800000000)
  region size 4096K, 11 young (45056K), 1 survivors (4096K)
 Metaspace       used 84080K, committed 84928K, reserved 1179648K
  class space    used 10820K, committed 11200K, reserved 1048576K
GC Heap History (20 events):
Event: 656.478 GC heap before
{Heap before GC invocations=33 (full 3):
 garbage-first heap   total 110592K, used 76352K [0x0000000602400000, 0x0000000800000000)
  region size 4096K, 11 young (45056K), 1 survivors (4096K)
 Metaspace       used 82776K, committed 83584K, reserved 1179648K
  class space    used 10681K, committed 11072K, reserved 1048576K
}
Event: 656.516 GC heap after
{Heap after GC invocations=34 (full 4):
 garbage-first heap   total 110592K, used 32543K [0x0000000602400000, 0x0000000800000000)
  region size 4096K, 0 young (0K), 0 survivors (0K)
 Metaspace       used 82700K, committed 83584K, reserved 1179648K
  class space    used 10663K, committed 11072K, reserved 1048576K
}
Event: 656.751 GC heap before
{Heap before GC invocations=34 (full 4):
 garbage-first heap   total 110592K, used 81695K [0x0000000602400000, 0x0000000800000000)
  region size 4096K, 12 young (49152K), 0 survivors (0K)
 Metaspace       used 82813K, committed 83648K, reserved 1179648K
  class space    used 10684K, committed 11072K, reserved 1048576K
}
Event: 656.752 GC heap after
{Heap after GC invocations=35 (full 4):
 garbage-first heap   total 110592K, used 36046K [0x0000000602400000, 0x0000000800000000)
  region size 4096K, 1 young (4096K), 1 survivors (4096K)
 Metaspace       used 82813K, committed 83648K, reserved 1179648K
  class space    used 10684K, committed 11072K, reserved 1048576K
}
Event: 657.034 GC heap before
{Heap before GC invocations=35 (full 4):
 garbage-first heap   total 110592K, used 81102K [0x0000000602400000, 0x0000000800000000)
  region size 4096K, 12 young (49152K), 1 survivors (4096K)
 Metaspace       used 83073K, committed 83904K, reserved 1179648K
  class space    used 10702K, committed 11072K, reserved 1048576K
}
Event: 657.035 GC heap after
{Heap after GC invocations=36 (full 4):
 garbage-first heap   total 110592K, used 38524K [0x0000000602400000, 0x0000000800000000)
  region size 4096K, 2 young (8192K), 2 survivors (8192K)
 Metaspace       used 83073K, committed 83904K, reserved 1179648K
  class space    used 10702K, committed 11072K, reserved 1048576K
}
Event: 675.687 GC heap before
{Heap before GC invocations=36 (full 4):
 garbage-first heap   total 110592K, used 79484K [0x0000000602400000, 0x0000000800000000)
  region size 4096K, 12 young (49152K), 2 survivors (8192K)
 Metaspace       used 83124K, committed 83904K, reserved 1179648K
  class space    used 10713K, committed 11072K, reserved 1048576K
}
Event: 675.689 GC heap after
{Heap after GC invocations=37 (full 4):
 garbage-first heap   total 110592K, used 40915K [0x0000000602400000, 0x0000000800000000)
  region size 4096K, 2 young (8192K), 2 survivors (8192K)
 Metaspace       used 83124K, committed 83904K, reserved 1179648K
  class space    used 10713K, committed 11072K, reserved 1048576K
}
Event: 716.452 GC heap before
{Heap before GC invocations=37 (full 4):
 garbage-first heap   total 110592K, used 65491K [0x0000000602400000, 0x0000000800000000)
  region size 4096K, 9 young (36864K), 2 survivors (8192K)
 Metaspace       used 83143K, committed 83904K, reserved 1179648K
  class space    used 10715K, committed 11072K, reserved 1048576K
}
Event: 716.491 GC heap after
{Heap after GC invocations=38 (full 5):
 garbage-first heap   total 110592K, used 34350K [0x0000000602400000, 0x0000000800000000)
  region size 4096K, 0 young (0K), 0 survivors (0K)
 Metaspace       used 83124K, committed 83904K, reserved 1179648K
  class space    used 10712K, committed 11072K, reserved 1048576K
}
Event: 716.722 GC heap before
{Heap before GC invocations=38 (full 5):
 garbage-first heap   total 110592K, used 83502K [0x0000000602400000, 0x0000000800000000)
  region size 4096K, 12 young (49152K), 0 survivors (0K)
 Metaspace       used 83242K, committed 84096K, reserved 1179648K
  class space    used 10733K, committed 11136K, reserved 1048576K
}
Event: 716.724 GC heap after
{Heap after GC invocations=39 (full 5):
 garbage-first heap   total 110592K, used 38295K [0x0000000602400000, 0x0000000800000000)
  region size 4096K, 1 young (4096K), 1 survivors (4096K)
 Metaspace       used 83242K, committed 84096K, reserved 1179648K
  class space    used 10733K, committed 11136K, reserved 1048576K
}
Event: 716.880 GC heap before
{Heap before GC invocations=39 (full 5):
 garbage-first heap   total 110592K, used 83351K [0x0000000602400000, 0x0000000800000000)
  region size 4096K, 12 young (49152K), 1 survivors (4096K)
 Metaspace       used 83502K, committed 84352K, reserved 1179648K
  class space    used 10750K, committed 11136K, reserved 1048576K
}
Event: 716.881 GC heap after
{Heap after GC invocations=40 (full 5):
 garbage-first heap   total 110592K, used 40410K [0x0000000602400000, 0x0000000800000000)
  region size 4096K, 2 young (8192K), 2 survivors (8192K)
 Metaspace       used 83502K, committed 84352K, reserved 1179648K
  class space    used 10750K, committed 11136K, reserved 1048576K
}
Event: 729.318 GC heap before
{Heap before GC invocations=40 (full 5):
 garbage-first heap   total 110592K, used 81370K [0x0000000602400000, 0x0000000800000000)
  region size 4096K, 12 young (49152K), 2 survivors (8192K)
 Metaspace       used 83536K, committed 84352K, reserved 1179648K
  class space    used 10756K, committed 11136K, reserved 1048576K
}
Event: 729.320 GC heap after
{Heap after GC invocations=41 (full 5):
 garbage-first heap   total 110592K, used 42642K [0x0000000602400000, 0x0000000800000000)
  region size 4096K, 2 young (8192K), 2 survivors (8192K)
 Metaspace       used 83536K, committed 84352K, reserved 1179648K
  class space    used 10756K, committed 11136K, reserved 1048576K
}
Event: 734.894 GC heap before
{Heap before GC invocations=41 (full 5):
 garbage-first heap   total 110592K, used 79506K [0x0000000602400000, 0x0000000800000000)
  region size 4096K, 11 young (45056K), 2 survivors (8192K)
 Metaspace       used 84046K, committed 84928K, reserved 1179648K
  class space    used 10816K, committed 11200K, reserved 1048576K
}
Event: 734.896 GC heap after
{Heap after GC invocations=42 (full 5):
 garbage-first heap   total 110592K, used 42653K [0x0000000602400000, 0x0000000800000000)
  region size 4096K, 1 young (4096K), 1 survivors (4096K)
 Metaspace       used 84046K, committed 84928K, reserved 1179648K
  class space    used 10816K, committed 11200K, reserved 1048576K
}
Event: 744.439 GC heap before
{Heap before GC invocations=42 (full 5):
 garbage-first heap   total 110592K, used 83613K [0x0000000602400000, 0x0000000800000000)
  region size 4096K, 11 young (45056K), 1 survivors (4096K)
 Metaspace       used 84055K, committed 84928K, reserved 1179648K
  class space    used 10819K, committed 11200K, reserved 1048576K
}
Event: 744.440 GC heap after
{Heap after GC invocations=43 (full 5):
 garbage-first heap   total 110592K, used 42780K [0x0000000602400000, 0x0000000800000000)
  region size 4096K, 1 young (4096K), 1 survivors (4096K)
 Metaspace       used 84055K, committed 84928K, reserved 1179648K
  class space    used 10819K, committed 11200K, reserved 1048576K
}

