# JRE version: OpenJDK Runtime Environment Temurin-18.0.1+10 (18.0.1+10) (build 18.0.1+10)
# Java VM: OpenJDK 64-Bit Server VM Temurin-18.0.1+10 (18.0.1+10, mixed mode, emulated-client, tiered, compressed oops, compressed class ptrs, g1 gc, windows-amd64)
GC Precious Log:
 CardTable entry size: 512
 Card Set container configuration: InlinePtr #cards 4 size 8 Array Of Cards #cards 32 size 80 Howl #buckets 8 coarsen threshold 7372 Howl Bitmap #cards 1024 size 144 coarsen threshold 921 Card regions per heap region 1 cards per card region 8192
 CPUs: 12 total, 12 available
 Memory: 32612M
 Large Page Support: Disabled
 NUMA Support: Disabled
 Compressed Oops: Enabled (Zero based)
 Heap Region Size: 4M
 Heap Min Capacity: 8M
 Heap Initial Capacity: 512M
 Heap Max Capacity: 8156M
 Pre-touch: Disabled
 Parallel Workers: 10
 Concurrent Workers: 3
 Concurrent Refinement Workers: 10
 Periodic GC: Disabled
Heap:
 garbage-first heap   total 110592K, used 46043K [0x0000000602400000, 0x0000000800000000)
  region size 4096K, 3 young (12288K), 1 survivors (4096K)
 Metaspace       used 82198K, committed 83008K, reserved 1179648K
  class space    used 10601K, committed 10944K, reserved 1048576K
GC Heap History (20 events):
Event: 75.338 GC heap before
{Heap before GC invocations=20 (full 0):
 garbage-first heap   total 110592K, used 82797K [0x0000000602400000, 0x0000000800000000)
  region size 4096K, 13 young (53248K), 2 survivors (8192K)
 Metaspace       used 79229K, committed 79808K, reserved 1179648K
  class space    used 10141K, committed 10432K, reserved 1048576K
}
Event: 75.340 GC heap after
{Heap after GC invocations=21 (full 0):
 garbage-first heap   total 110592K, used 38264K [0x0000000602400000, 0x0000000800000000)
  region size 4096K, 1 young (4096K), 1 survivors (4096K)
 Metaspace       used 79229K, committed 79808K, reserved 1179648K
  class space    used 10141K, committed 10432K, reserved 1048576K
}
Event: 119.862 GC heap before
{Heap before GC invocations=21 (full 0):
 garbage-first heap   total 110592K, used 66936K [0x0000000602400000, 0x0000000800000000)
  region size 4096K, 9 young (36864K), 1 survivors (4096K)
 Metaspace       used 79472K, committed 80064K, reserved 1179648K
  class space    used 10187K, committed 10496K, reserved 1048576K
}
Event: 119.907 GC heap after
{Heap after GC invocations=22 (full 1):
 garbage-first heap   total 110592K, used 28197K [0x0000000602400000, 0x0000000800000000)
  region size 4096K, 0 young (0K), 0 survivors (0K)
 Metaspace       used 79226K, committed 80064K, reserved 1179648K
  class space    used 10130K, committed 10496K, reserved 1048576K
}
Event: 120.256 GC heap before
{Heap before GC invocations=22 (full 1):
 garbage-first heap   total 110592K, used 85541K [0x0000000602400000, 0x0000000800000000)
  region size 4096K, 14 young (57344K), 0 survivors (0K)
 Metaspace       used 79521K, committed 80064K, reserved 1179648K
  class space    used 10186K, committed 10496K, reserved 1048576K
}
Event: 120.259 GC heap after
{Heap after GC invocations=23 (full 1):
 garbage-first heap   total 110592K, used 33152K [0x0000000602400000, 0x0000000800000000)
  region size 4096K, 2 young (8192K), 2 survivors (8192K)
 Metaspace       used 79521K, committed 80064K, reserved 1179648K
  class space    used 10186K, committed 10496K, reserved 1048576K
}
Event: 121.163 GC heap before
{Heap before GC invocations=23 (full 1):
 garbage-first heap   total 110592K, used 82304K [0x0000000602400000, 0x0000000800000000)
  region size 4096K, 14 young (57344K), 2 survivors (8192K)
 Metaspace       used 79783K, committed 80384K, reserved 1179648K
  class space    used 10212K, committed 10496K, reserved 1048576K
}
Event: 121.165 GC heap after
{Heap after GC invocations=24 (full 1):
 garbage-first heap   total 110592K, used 37398K [0x0000000602400000, 0x0000000800000000)
  region size 4096K, 2 young (8192K), 2 survivors (8192K)
 Metaspace       used 79783K, committed 80384K, reserved 1179648K
  class space    used 10212K, committed 10496K, reserved 1048576K
}
Event: 136.060 GC heap before
{Heap before GC invocations=24 (full 1):
 garbage-first heap   total 110592K, used 61974K [0x0000000602400000, 0x0000000800000000)
  region size 4096K, 9 young (36864K), 2 survivors (8192K)
 Metaspace       used 80431K, committed 81024K, reserved 1179648K
  class space    used 10294K, committed 10560K, reserved 1048576K
}
Event: 136.101 GC heap after
{Heap after GC invocations=25 (full 2):
 garbage-first heap   total 110592K, used 29887K [0x0000000602400000, 0x0000000800000000)
  region size 4096K, 0 young (0K), 0 survivors (0K)
 Metaspace       used 80337K, committed 81024K, reserved 1179648K
  class space    used 10271K, committed 10560K, reserved 1048576K
}
Event: 136.362 GC heap before
{Heap before GC invocations=25 (full 2):
 garbage-first heap   total 110592K, used 79039K [0x0000000602400000, 0x0000000800000000)
  region size 4096K, 12 young (49152K), 0 survivors (0K)
 Metaspace       used 80456K, committed 81024K, reserved 1179648K
  class space    used 10291K, committed 10560K, reserved 1048576K
}
Event: 136.364 GC heap after
{Heap after GC invocations=26 (full 2):
 garbage-first heap   total 110592K, used 33644K [0x0000000602400000, 0x0000000800000000)
  region size 4096K, 1 young (4096K), 1 survivors (4096K)
 Metaspace       used 80456K, committed 81024K, reserved 1179648K
  class space    used 10291K, committed 10560K, reserved 1048576K
}
Event: 136.730 GC heap before
{Heap before GC invocations=26 (full 2):
 garbage-first heap   total 110592K, used 78700K [0x0000000602400000, 0x0000000800000000)
  region size 4096K, 12 young (49152K), 1 survivors (4096K)
 Metaspace       used 80722K, committed 81280K, reserved 1179648K
  class space    used 10311K, committed 10560K, reserved 1048576K
}
Event: 136.731 GC heap after
{Heap after GC invocations=27 (full 2):
 garbage-first heap   total 110592K, used 35890K [0x0000000602400000, 0x0000000800000000)
  region size 4096K, 2 young (8192K), 2 survivors (8192K)
 Metaspace       used 80722K, committed 81280K, reserved 1179648K
  class space    used 10311K, committed 10560K, reserved 1048576K
}
Event: 152.506 GC heap before
{Heap before GC invocations=27 (full 2):
 garbage-first heap   total 110592K, used 76850K [0x0000000602400000, 0x0000000800000000)
  region size 4096K, 12 young (49152K), 2 survivors (8192K)
 Metaspace       used 81612K, committed 82304K, reserved 1179648K
  class space    used 10480K, committed 10816K, reserved 1048576K
}
Event: 152.509 GC heap after
{Heap after GC invocations=28 (full 2):
 garbage-first heap   total 110592K, used 39633K [0x0000000602400000, 0x0000000800000000)
  region size 4096K, 2 young (8192K), 2 survivors (8192K)
 Metaspace       used 81612K, committed 82304K, reserved 1179648K
  class space    used 10480K, committed 10816K, reserved 1048576K
}
Event: 175.588 GC heap before
{Heap before GC invocations=28 (full 2):
 garbage-first heap   total 110592K, used 76497K [0x0000000602400000, 0x0000000800000000)
  region size 4096K, 11 young (45056K), 2 survivors (8192K)
 Metaspace       used 82176K, committed 82944K, reserved 1179648K
  class space    used 10600K, committed 10944K, reserved 1048576K
}
Event: 175.591 GC heap after
{Heap after GC invocations=29 (full 2):
 garbage-first heap   total 110592K, used 42133K [0x0000000602400000, 0x0000000800000000)
  region size 4096K, 1 young (4096K), 1 survivors (4096K)
 Metaspace       used 82176K, committed 82944K, reserved 1179648K
  class space    used 10600K, committed 10944K, reserved 1048576K
}
Event: 228.358 GC heap before
{Heap before GC invocations=29 (full 2):
 garbage-first heap   total 110592K, used 74901K [0x0000000602400000, 0x0000000800000000)
  region size 4096K, 9 young (36864K), 1 survivors (4096K)
 Metaspace       used 82176K, committed 82944K, reserved 1179648K
  class space    used 10600K, committed 10944K, reserved 1048576K
}
Event: 228.359 GC heap after
{Heap after GC invocations=30 (full 2):
 garbage-first heap   total 110592K, used 41947K [0x0000000602400000, 0x0000000800000000)
  region size 4096K, 1 young (4096K), 1 survivors (4096K)
 Metaspace       used 82176K, committed 82944K, reserved 1179648K
  class space    used 10600K, committed 10944K, reserved 1048576K
}

